Using pre-set license
Built from '2022.1/release' branch; Version is '2022.1.0f1 (369b620af41c) revision 3578722'; Using compiler version '192829333'; Build Type 'Release'
OS: 'Windows 11  (10.0.22621) 64bit Professional' Language: 'en' Physical Memory: 32622 MB
BatchMode: 1, IsHumanControllingUs: 0, StartBugReporterOnCrash: 0, Is64bit: 1, IsPro: 1

COMMAND LINE ARGUMENTS:
G:\Unity\2022.1.0f1\Editor\Unity.exe
-adb2
-batchMode
-noUpm
-name
AssetImportWorker13
-projectPath
G:/Game Projects/Experiments/Lemonade Tycoon Roguelike
-logFile
Logs/AssetImportWorker13.log
-srvPort
51332
Successfully changed project path to: G:/Game Projects/Experiments/Lemonade Tycoon Roguelike
G:/Game Projects/Experiments/Lemonade Tycoon Roguelike
[UnityMemory] Configuration Parameters - Can be set up in boot.config
    "memorysetup-bucket-allocator-granularity=16"
    "memorysetup-bucket-allocator-bucket-count=8"
    "memorysetup-bucket-allocator-block-size=33554432"
    "memorysetup-bucket-allocator-block-count=8"
    "memorysetup-main-allocator-block-size=16777216"
    "memorysetup-thread-allocator-block-size=16777216"
    "memorysetup-gfx-main-allocator-block-size=16777216"
    "memorysetup-gfx-thread-allocator-block-size=16777216"
    "memorysetup-cache-allocator-block-size=4194304"
    "memorysetup-typetree-allocator-block-size=2097152"
    "memorysetup-profiler-bucket-allocator-granularity=16"
    "memorysetup-profiler-bucket-allocator-bucket-count=8"
    "memorysetup-profiler-bucket-allocator-block-size=33554432"
    "memorysetup-profiler-bucket-allocator-block-count=8"
    "memorysetup-profiler-allocator-block-size=16777216"
    "memorysetup-profiler-editor-allocator-block-size=1048576"
    "memorysetup-temp-allocator-size-main=16777216"
    "memorysetup-job-temp-allocator-block-size=2097152"
    "memorysetup-job-temp-allocator-block-size-background=1048576"
    "memorysetup-job-temp-allocator-reduction-small-platforms=262144"
    "memorysetup-temp-allocator-size-background-worker=32768"
    "memorysetup-temp-allocator-size-job-worker=262144"
    "memorysetup-temp-allocator-size-preload-manager=33554432"
    "memorysetup-temp-allocator-size-nav-mesh-worker=65536"
    "memorysetup-temp-allocator-size-audio-worker=65536"
    "memorysetup-temp-allocator-size-cloud-worker=32768"
    "memorysetup-temp-allocator-size-gi-baking-worker=262144"
    "memorysetup-temp-allocator-size-gfx=262144"
Refreshing native plugins compatible for Editor in 164.53 ms, found 4 plugins.
Preloading 0 native plugins for Editor in 0.00 ms.
Initialize engine version: 2022.1.0f1 (369b620af41c)
[Subsystems] Discovering subsystems at path G:/Unity/2022.1.0f1/Editor/Data/Resources/UnitySubsystems
[Subsystems] Discovering subsystems at path G:/Game Projects/Experiments/Lemonade Tycoon Roguelike/Assets
GfxDevice: creating device client; threaded=0; jobified=0
Direct3D:
    Version:  Direct3D 11.0 [level 11.1]
    Renderer: NVIDIA GeForce RTX 3080 Ti (ID=0x2208)
    Vendor:   NVIDIA
    VRAM:     12100 MB
    Driver:   31.0.15.3168
Initialize mono
Mono path[0] = 'G:/Unity/2022.1.0f1/Editor/Data/Managed'
Mono path[1] = 'G:/Unity/2022.1.0f1/Editor/Data/MonoBleedingEdge/lib/mono/unityjit-win32'
Mono config path = 'G:/Unity/2022.1.0f1/Editor/Data/MonoBleedingEdge/etc'
Using monoOptions --debugger-agent=transport=dt_socket,embedding=1,server=y,suspend=n,address=127.0.0.1:56132
Begin MonoManager ReloadAssembly
Registering precompiled unity dll's ...
Register platform support module: G:/Unity/2022.1.0f1/Editor/Data/PlaybackEngines/WebGLSupport/UnityEditor.WebGL.Extensions.dll
Register platform support module: G:/Unity/2022.1.0f1/Editor/Data/PlaybackEngines/AndroidPlayer/UnityEditor.Android.Extensions.dll
Register platform support module: G:/Unity/2022.1.0f1/Editor/Data/PlaybackEngines/WindowsStandaloneSupport/UnityEditor.WindowsStandalone.Extensions.dll
Registered in 0.001559 seconds.
Native extension for WindowsStandalone target not found
Native extension for Android target not found
Native extension for WebGL target not found
Refreshing native plugins compatible for Editor in 141.38 ms, found 4 plugins.
Preloading 0 native plugins for Editor in 0.00 ms.
Mono: successfully reloaded assembly
- Completed reload, in  0.652 seconds
Domain Reload Profiling:
	ReloadAssembly (652ms)
		BeginReloadAssembly (76ms)
			ExecutionOrderSort (0ms)
			DisableScriptedObjects (0ms)
			BackupInstance (0ms)
			ReleaseScriptingObjects (0ms)
			CreateAndSetChildDomain (1ms)
		EndReloadAssembly (489ms)
			LoadAssemblies (77ms)
			RebuildTransferFunctionScriptingTraits (0ms)
			SetupTypeCache (107ms)
				TypeCache.Initialize (106ms)
					TypeCache.ScanAssembly (104ms)
				ResolveRequiredComponents (1ms)
			ReleaseScriptCaches (0ms)
			RebuildScriptCaches (25ms)
			SetupLoadedEditorAssemblies (304ms)
				LogAssemblyErrors (0ms)
				InitializePlatformSupportModulesInManaged (41ms)
				SetLoadedEditorAssemblies (6ms)
				RefreshPlugins (142ms)
				BeforeProcessingInitializeOnLoad (1ms)
				ProcessInitializeOnLoadAttributes (81ms)
				ProcessInitializeOnLoadMethodAttributes (33ms)
				AfterProcessingInitializeOnLoad (0ms)
				EditorAssembliesLoaded (0ms)
			ExecutionOrderSort2 (0ms)
			AwakeInstancesAfterBackupRestoration (0ms)
Platform modules already initialized, skipping
Registering precompiled user dll's ...
Registered in 0.003747 seconds.
Begin MonoManager ReloadAssembly
Symbol file LoadedFromMemory doesn't match image G:\Game Projects\Experiments\Lemonade Tycoon Roguelike\Library\PackageCache\com.unity.visualscripting@1.7.8\Editor\VisualScripting.Core\Dependencies\YamlDotNet\Unity.VisualScripting.YamlDotNet.dll
Symbol file LoadedFromMemory doesn't match image G:\Game Projects\Experiments\Lemonade Tycoon Roguelike\Library\PackageCache\com.unity.visualscripting@1.7.8\Editor\VisualScripting.Core\Dependencies\DotNetZip\Unity.VisualScripting.IonicZip.dll
Native extension for WindowsStandalone target not found
Native extension for Android target not found
Native extension for WebGL target not found
Refreshing native plugins compatible for Editor in 155.36 ms, found 4 plugins.
Preloading 0 native plugins for Editor in 0.00 ms.
Mono: successfully reloaded assembly
- Completed reload, in  1.287 seconds
Domain Reload Profiling:
	ReloadAssembly (1288ms)
		BeginReloadAssembly (195ms)
			ExecutionOrderSort (0ms)
			DisableScriptedObjects (4ms)
			BackupInstance (0ms)
			ReleaseScriptingObjects (0ms)
			CreateAndSetChildDomain (129ms)
		EndReloadAssembly (996ms)
			LoadAssemblies (66ms)
			RebuildTransferFunctionScriptingTraits (0ms)
			SetupTypeCache (231ms)
				TypeCache.Initialize (221ms)
					TypeCache.ScanAssembly (216ms)
				ResolveRequiredComponents (10ms)
			ReleaseScriptCaches (1ms)
			RebuildScriptCaches (67ms)
			SetupLoadedEditorAssemblies (588ms)
				LogAssemblyErrors (0ms)
				InitializePlatformSupportModulesInManaged (9ms)
				SetLoadedEditorAssemblies (6ms)
				RefreshPlugins (155ms)
				BeforeProcessingInitializeOnLoad (88ms)
				ProcessInitializeOnLoadAttributes (253ms)
				ProcessInitializeOnLoadMethodAttributes (74ms)
				AfterProcessingInitializeOnLoad (1ms)
				EditorAssembliesLoaded (0ms)
			ExecutionOrderSort2 (0ms)
			AwakeInstancesAfterBackupRestoration (5ms)
Platform modules already initialized, skipping
========================================================================
Worker process is ready to serve import requests
Launched and connected shader compiler UnityShaderCompiler.exe after 0.05 seconds
Refreshing native plugins compatible for Editor in 1.55 ms, found 4 plugins.
Preloading 0 native plugins for Editor in 0.00 ms.
Unloading 6040 Unused Serialized files (Serialized files now loaded: 0)
Unloading 50 unused Assets / (0.7 MB). Loaded Objects now: 6519.
Memory consumption went from 0.96 GB to 0.96 GB.
Total: 3.779600 ms (FindLiveObjects: 0.483000 ms CreateObjectMapping: 0.357100 ms MarkObjects: 2.722100 ms  DeleteObjects: 0.215900 ms)

AssetImportParameters requested are different than current active one (requested -> active):
  custom:video-decoder-ogg-theora: a1e56fd34408186e4bbccfd4996cb3dc -> 
  custom:container-muxer-webm: aa71ff27fc2769a1b78a27578f13a17b -> 
  custom:container-demuxer-webm: 4f35f7cbe854078d1ac9338744f61a02 -> 
  custom:video-encoder-webm-vp8: eb34c28f22e8b96e1ab97ce403110664 -> 
  custom:audio-encoder-webm-vorbis: bf7c407c2cedff20999df2af8eb42d56 -> 
  custom:framework-win-MediaFoundation: 216162199b28c13a410421893ffa2e32 -> 
  custom:SearchIndexIgnoredProperties: e643bd26f0fe6173181afceb89e7c659 -> 
  custom:container-demuxer-ogg: 62fdf1f143b41e24485cea50d1cbac27 -> 
  custom:video-decoder-webm-vp8: 9c59270c3fd7afecdb556c50c9e8de78 -> 
  custom:audio-decoder-ogg-vorbis: bf7c407c2cedff20999df2af8eb42d56 -> 
========================================================================
Received Prepare
Registering precompiled user dll's ...
Registered in 0.003368 seconds.
Begin MonoManager ReloadAssembly
Symbol file LoadedFromMemory doesn't match image G:\Game Projects\Experiments\Lemonade Tycoon Roguelike\Library\PackageCache\com.unity.visualscripting@1.7.8\Editor\VisualScripting.Core\Dependencies\YamlDotNet\Unity.VisualScripting.YamlDotNet.dll
Symbol file LoadedFromMemory doesn't match image G:\Game Projects\Experiments\Lemonade Tycoon Roguelike\Library\PackageCache\com.unity.visualscripting@1.7.8\Editor\VisualScripting.Core\Dependencies\DotNetZip\Unity.VisualScripting.IonicZip.dll
Native extension for WindowsStandalone target not found
Native extension for Android target not found
Native extension for WebGL target not found
Refreshing native plugins compatible for Editor in 1.37 ms, found 4 plugins.
Preloading 0 native plugins for Editor in 0.00 ms.
Mono: successfully reloaded assembly
- Completed reload, in  0.881 seconds
Domain Reload Profiling:
	ReloadAssembly (882ms)
		BeginReloadAssembly (96ms)
			ExecutionOrderSort (0ms)
			DisableScriptedObjects (4ms)
			BackupInstance (0ms)
			ReleaseScriptingObjects (0ms)
			CreateAndSetChildDomain (32ms)
		EndReloadAssembly (726ms)
			LoadAssemblies (63ms)
			RebuildTransferFunctionScriptingTraits (0ms)
			SetupTypeCache (203ms)
				TypeCache.Initialize (194ms)
					TypeCache.ScanAssembly (189ms)
				ResolveRequiredComponents (9ms)
			ReleaseScriptCaches (2ms)
			RebuildScriptCaches (47ms)
			SetupLoadedEditorAssemblies (362ms)
				LogAssemblyErrors (0ms)
				InitializePlatformSupportModulesInManaged (16ms)
				SetLoadedEditorAssemblies (5ms)
				RefreshPlugins (1ms)
				BeforeProcessingInitializeOnLoad (60ms)
				ProcessInitializeOnLoadAttributes (214ms)
				ProcessInitializeOnLoadMethodAttributes (64ms)
				AfterProcessingInitializeOnLoad (1ms)
				EditorAssembliesLoaded (0ms)
			ExecutionOrderSort2 (0ms)
			AwakeInstancesAfterBackupRestoration (8ms)
Platform modules already initialized, skipping
Refreshing native plugins compatible for Editor in 2.44 ms, found 4 plugins.
Preloading 0 native plugins for Editor in 0.00 ms.
Unloading 5845 Unused Serialized files (Serialized files now loaded: 0)
Unloading 37 unused Assets / (0.7 MB). Loaded Objects now: 6523.
Memory consumption went from 0.93 GB to 0.93 GB.
Total: 3.917100 ms (FindLiveObjects: 0.507000 ms CreateObjectMapping: 0.362100 ms MarkObjects: 2.907800 ms  DeleteObjects: 0.138800 ms)

AssetImportParameters requested are different than current active one (requested -> active):
  custom:video-decoder-ogg-theora: a1e56fd34408186e4bbccfd4996cb3dc -> 
  custom:container-muxer-webm: aa71ff27fc2769a1b78a27578f13a17b -> 
  custom:container-demuxer-webm: 4f35f7cbe854078d1ac9338744f61a02 -> 
  custom:video-encoder-webm-vp8: eb34c28f22e8b96e1ab97ce403110664 -> 
  custom:audio-encoder-webm-vorbis: bf7c407c2cedff20999df2af8eb42d56 -> 
  custom:framework-win-MediaFoundation: 216162199b28c13a410421893ffa2e32 -> 
  custom:SearchIndexIgnoredProperties: e643bd26f0fe6173181afceb89e7c659 -> 
  custom:container-demuxer-ogg: 62fdf1f143b41e24485cea50d1cbac27 -> 
  custom:video-decoder-webm-vp8: 9c59270c3fd7afecdb556c50c9e8de78 -> 
  custom:audio-decoder-ogg-vorbis: bf7c407c2cedff20999df2af8eb42d56 -> 
========================================================================
Received Prepare
Registering precompiled user dll's ...
Registered in 0.003509 seconds.
Begin MonoManager ReloadAssembly
Symbol file LoadedFromMemory doesn't match image G:\Game Projects\Experiments\Lemonade Tycoon Roguelike\Library\PackageCache\com.unity.visualscripting@1.7.8\Editor\VisualScripting.Core\Dependencies\YamlDotNet\Unity.VisualScripting.YamlDotNet.dll
Symbol file LoadedFromMemory doesn't match image G:\Game Projects\Experiments\Lemonade Tycoon Roguelike\Library\PackageCache\com.unity.visualscripting@1.7.8\Editor\VisualScripting.Core\Dependencies\DotNetZip\Unity.VisualScripting.IonicZip.dll
Native extension for WindowsStandalone target not found
Native extension for Android target not found
Native extension for WebGL target not found
Refreshing native plugins compatible for Editor in 1.28 ms, found 4 plugins.
Preloading 0 native plugins for Editor in 0.00 ms.
[ScriptCompilation] NOT recompiling all scripts because this is an import worker process. Reason to compile was: Define symbols changed
Mono: successfully reloaded assembly
- Completed reload, in  0.913 seconds
Domain Reload Profiling:
	ReloadAssembly (913ms)
		BeginReloadAssembly (105ms)
			ExecutionOrderSort (0ms)
			DisableScriptedObjects (5ms)
			BackupInstance (0ms)
			ReleaseScriptingObjects (0ms)
			CreateAndSetChildDomain (40ms)
		EndReloadAssembly (741ms)
			LoadAssemblies (62ms)
			RebuildTransferFunctionScriptingTraits (0ms)
			SetupTypeCache (215ms)
				TypeCache.Initialize (206ms)
					TypeCache.ScanAssembly (200ms)
				ResolveRequiredComponents (10ms)
			ReleaseScriptCaches (3ms)
			RebuildScriptCaches (45ms)
			SetupLoadedEditorAssemblies (359ms)
				LogAssemblyErrors (0ms)
				InitializePlatformSupportModulesInManaged (15ms)
				SetLoadedEditorAssemblies (5ms)
				RefreshPlugins (1ms)
				BeforeProcessingInitializeOnLoad (59ms)
				ProcessInitializeOnLoadAttributes (216ms)
				ProcessInitializeOnLoadMethodAttributes (61ms)
				AfterProcessingInitializeOnLoad (1ms)
				EditorAssembliesLoaded (0ms)
			ExecutionOrderSort2 (0ms)
			AwakeInstancesAfterBackupRestoration (9ms)
Platform modules already initialized, skipping
Refreshing native plugins compatible for Editor in 2.60 ms, found 4 plugins.
Preloading 0 native plugins for Editor in 0.00 ms.
Unloading 5977 Unused Serialized files (Serialized files now loaded: 0)
Unloading 76 unused Assets / (4.0 MB). Loaded Objects now: 6620.
Memory consumption went from 0.96 GB to 0.96 GB.
Total: 3.597200 ms (FindLiveObjects: 0.355700 ms CreateObjectMapping: 0.215800 ms MarkObjects: 2.225000 ms  DeleteObjects: 0.799300 ms)

AssetImportParameters requested are different than current active one (requested -> active):
  custom:video-decoder-ogg-theora: a1e56fd34408186e4bbccfd4996cb3dc -> 
  custom:container-muxer-webm: aa71ff27fc2769a1b78a27578f13a17b -> 
  custom:container-demuxer-webm: 4f35f7cbe854078d1ac9338744f61a02 -> 
  custom:video-encoder-webm-vp8: eb34c28f22e8b96e1ab97ce403110664 -> 
  custom:audio-encoder-webm-vorbis: bf7c407c2cedff20999df2af8eb42d56 -> 
  custom:framework-win-MediaFoundation: 216162199b28c13a410421893ffa2e32 -> 
  custom:SearchIndexIgnoredProperties: e643bd26f0fe6173181afceb89e7c659 -> 
  custom:container-demuxer-ogg: 62fdf1f143b41e24485cea50d1cbac27 -> 
  custom:video-decoder-webm-vp8: 9c59270c3fd7afecdb556c50c9e8de78 -> 
  custom:audio-decoder-ogg-vorbis: bf7c407c2cedff20999df2af8eb42d56 -> 
========================================================================
Received Prepare
Registering precompiled user dll's ...
Registered in 0.004481 seconds.
Begin MonoManager ReloadAssembly
Symbol file LoadedFromMemory doesn't match image G:\Game Projects\Experiments\Lemonade Tycoon Roguelike\Library\PackageCache\com.unity.visualscripting@1.7.8\Editor\VisualScripting.Core\Dependencies\YamlDotNet\Unity.VisualScripting.YamlDotNet.dll
Symbol file LoadedFromMemory doesn't match image G:\Game Projects\Experiments\Lemonade Tycoon Roguelike\Library\PackageCache\com.unity.visualscripting@1.7.8\Editor\VisualScripting.Core\Dependencies\DotNetZip\Unity.VisualScripting.IonicZip.dll
Native extension for WindowsStandalone target not found
Native extension for Android target not found
Native extension for WebGL target not found
Refreshing native plugins compatible for Editor in 1.61 ms, found 4 plugins.
Preloading 0 native plugins for Editor in 0.00 ms.
Mono: successfully reloaded assembly
- Completed reload, in  0.938 seconds
Domain Reload Profiling:
	ReloadAssembly (938ms)
		BeginReloadAssembly (113ms)
			ExecutionOrderSort (0ms)
			DisableScriptedObjects (5ms)
			BackupInstance (0ms)
			ReleaseScriptingObjects (0ms)
			CreateAndSetChildDomain (40ms)
		EndReloadAssembly (760ms)
			LoadAssemblies (77ms)
			RebuildTransferFunctionScriptingTraits (0ms)
			SetupTypeCache (233ms)
				TypeCache.Initialize (222ms)
					TypeCache.ScanAssembly (213ms)
				ResolveRequiredComponents (12ms)
			ReleaseScriptCaches (2ms)
			RebuildScriptCaches (47ms)
			SetupLoadedEditorAssemblies (357ms)
				LogAssemblyErrors (0ms)
				InitializePlatformSupportModulesInManaged (16ms)
				SetLoadedEditorAssemblies (5ms)
				RefreshPlugins (2ms)
				BeforeProcessingInitializeOnLoad (60ms)
				ProcessInitializeOnLoadAttributes (215ms)
				ProcessInitializeOnLoadMethodAttributes (58ms)
				AfterProcessingInitializeOnLoad (1ms)
				EditorAssembliesLoaded (0ms)
			ExecutionOrderSort2 (0ms)
			AwakeInstancesAfterBackupRestoration (9ms)
Platform modules already initialized, skipping
Refreshing native plugins compatible for Editor in 2.38 ms, found 4 plugins.
Preloading 0 native plugins for Editor in 0.00 ms.
Unloading 5977 Unused Serialized files (Serialized files now loaded: 0)
Unloading 76 unused Assets / (4.0 MB). Loaded Objects now: 6624.
Memory consumption went from 0.96 GB to 0.96 GB.
Total: 4.353800 ms (FindLiveObjects: 0.393700 ms CreateObjectMapping: 0.269500 ms MarkObjects: 2.670000 ms  DeleteObjects: 1.019300 ms)

AssetImportParameters requested are different than current active one (requested -> active):
  custom:video-decoder-ogg-theora: a1e56fd34408186e4bbccfd4996cb3dc -> 
  custom:container-muxer-webm: aa71ff27fc2769a1b78a27578f13a17b -> 
  custom:container-demuxer-webm: 4f35f7cbe854078d1ac9338744f61a02 -> 
  custom:video-encoder-webm-vp8: eb34c28f22e8b96e1ab97ce403110664 -> 
  custom:audio-encoder-webm-vorbis: bf7c407c2cedff20999df2af8eb42d56 -> 
  custom:framework-win-MediaFoundation: 216162199b28c13a410421893ffa2e32 -> 
  custom:SearchIndexIgnoredProperties: e643bd26f0fe6173181afceb89e7c659 -> 
  custom:container-demuxer-ogg: 62fdf1f143b41e24485cea50d1cbac27 -> 
  custom:video-decoder-webm-vp8: 9c59270c3fd7afecdb556c50c9e8de78 -> 
  custom:audio-decoder-ogg-vorbis: bf7c407c2cedff20999df2af8eb42d56 -> 
========================================================================
Received Prepare
Registering precompiled user dll's ...
Registered in 0.003759 seconds.
Begin MonoManager ReloadAssembly
Symbol file LoadedFromMemory doesn't match image G:\Game Projects\Experiments\Lemonade Tycoon Roguelike\Library\PackageCache\com.unity.visualscripting@1.7.8\Editor\VisualScripting.Core\Dependencies\YamlDotNet\Unity.VisualScripting.YamlDotNet.dll
Symbol file LoadedFromMemory doesn't match image G:\Game Projects\Experiments\Lemonade Tycoon Roguelike\Library\PackageCache\com.unity.visualscripting@1.7.8\Editor\VisualScripting.Core\Dependencies\DotNetZip\Unity.VisualScripting.IonicZip.dll
Native extension for WindowsStandalone target not found
Native extension for Android target not found
Native extension for WebGL target not found
Refreshing native plugins compatible for Editor in 1.58 ms, found 4 plugins.
Preloading 0 native plugins for Editor in 0.00 ms.
Mono: successfully reloaded assembly
- Completed reload, in  0.912 seconds
Domain Reload Profiling:
	ReloadAssembly (913ms)
		BeginReloadAssembly (102ms)
			ExecutionOrderSort (0ms)
			DisableScriptedObjects (4ms)
			BackupInstance (0ms)
			ReleaseScriptingObjects (0ms)
			CreateAndSetChildDomain (41ms)
		EndReloadAssembly (743ms)
			LoadAssemblies (58ms)
			RebuildTransferFunctionScriptingTraits (0ms)
			SetupTypeCache (208ms)
				TypeCache.Initialize (196ms)
					TypeCache.ScanAssembly (190ms)
				ResolveRequiredComponents (12ms)
			ReleaseScriptCaches (2ms)
			RebuildScriptCaches (40ms)
			SetupLoadedEditorAssemblies (374ms)
				LogAssemblyErrors (0ms)
				InitializePlatformSupportModulesInManaged (15ms)
				SetLoadedEditorAssemblies (5ms)
				RefreshPlugins (2ms)
				BeforeProcessingInitializeOnLoad (66ms)
				ProcessInitializeOnLoadAttributes (222ms)
				ProcessInitializeOnLoadMethodAttributes (62ms)
				AfterProcessingInitializeOnLoad (2ms)
				EditorAssembliesLoaded (0ms)
			ExecutionOrderSort2 (0ms)
			AwakeInstancesAfterBackupRestoration (10ms)
Platform modules already initialized, skipping
Refreshing native plugins compatible for Editor in 3.47 ms, found 4 plugins.
Preloading 0 native plugins for Editor in 0.00 ms.
Unloading 5977 Unused Serialized files (Serialized files now loaded: 0)
Unloading 76 unused Assets / (4.0 MB). Loaded Objects now: 6628.
Memory consumption went from 0.96 GB to 0.96 GB.
Total: 4.453500 ms (FindLiveObjects: 0.405700 ms CreateObjectMapping: 0.289300 ms MarkObjects: 2.689100 ms  DeleteObjects: 1.067700 ms)

AssetImportParameters requested are different than current active one (requested -> active):
  custom:video-decoder-ogg-theora: a1e56fd34408186e4bbccfd4996cb3dc -> 
  custom:container-muxer-webm: aa71ff27fc2769a1b78a27578f13a17b -> 
  custom:container-demuxer-webm: 4f35f7cbe854078d1ac9338744f61a02 -> 
  custom:video-encoder-webm-vp8: eb34c28f22e8b96e1ab97ce403110664 -> 
  custom:audio-encoder-webm-vorbis: bf7c407c2cedff20999df2af8eb42d56 -> 
  custom:framework-win-MediaFoundation: 216162199b28c13a410421893ffa2e32 -> 
  custom:SearchIndexIgnoredProperties: e643bd26f0fe6173181afceb89e7c659 -> 
  custom:container-demuxer-ogg: 62fdf1f143b41e24485cea50d1cbac27 -> 
  custom:video-decoder-webm-vp8: 9c59270c3fd7afecdb556c50c9e8de78 -> 
  custom:audio-decoder-ogg-vorbis: bf7c407c2cedff20999df2af8eb42d56 -> 
========================================================================
Received Prepare
Registering precompiled user dll's ...
Registered in 0.003266 seconds.
Begin MonoManager ReloadAssembly
Symbol file LoadedFromMemory doesn't match image G:\Game Projects\Experiments\Lemonade Tycoon Roguelike\Library\PackageCache\com.unity.visualscripting@1.7.8\Editor\VisualScripting.Core\Dependencies\YamlDotNet\Unity.VisualScripting.YamlDotNet.dll
Symbol file LoadedFromMemory doesn't match image G:\Game Projects\Experiments\Lemonade Tycoon Roguelike\Library\PackageCache\com.unity.visualscripting@1.7.8\Editor\VisualScripting.Core\Dependencies\DotNetZip\Unity.VisualScripting.IonicZip.dll
Native extension for WindowsStandalone target not found
Native extension for Android target not found
Native extension for WebGL target not found
Refreshing native plugins compatible for Editor in 1.37 ms, found 4 plugins.
Preloading 0 native plugins for Editor in 0.00 ms.
Mono: successfully reloaded assembly
- Completed reload, in  0.893 seconds
Domain Reload Profiling:
	ReloadAssembly (894ms)
		BeginReloadAssembly (103ms)
			ExecutionOrderSort (0ms)
			DisableScriptedObjects (4ms)
			BackupInstance (0ms)
			ReleaseScriptingObjects (0ms)
			CreateAndSetChildDomain (41ms)
		EndReloadAssembly (729ms)
			LoadAssemblies (63ms)
			RebuildTransferFunctionScriptingTraits (0ms)
			SetupTypeCache (193ms)
				TypeCache.Initialize (183ms)
					TypeCache.ScanAssembly (178ms)
				ResolveRequiredComponents (10ms)
			ReleaseScriptCaches (2ms)
			RebuildScriptCaches (46ms)
			SetupLoadedEditorAssemblies (377ms)
				LogAssemblyErrors (0ms)
				InitializePlatformSupportModulesInManaged (14ms)
				SetLoadedEditorAssemblies (5ms)
				RefreshPlugins (1ms)
				BeforeProcessingInitializeOnLoad (63ms)
				ProcessInitializeOnLoadAttributes (235ms)
				ProcessInitializeOnLoadMethodAttributes (58ms)
				AfterProcessingInitializeOnLoad (1ms)
				EditorAssembliesLoaded (0ms)
			ExecutionOrderSort2 (0ms)
			AwakeInstancesAfterBackupRestoration (8ms)
Platform modules already initialized, skipping
Refreshing native plugins compatible for Editor in 2.35 ms, found 4 plugins.
Preloading 0 native plugins for Editor in 0.00 ms.
Unloading 5977 Unused Serialized files (Serialized files now loaded: 0)
Unloading 76 unused Assets / (4.0 MB). Loaded Objects now: 6632.
Memory consumption went from 0.96 GB to 0.96 GB.
Total: 3.870000 ms (FindLiveObjects: 0.373800 ms CreateObjectMapping: 0.254900 ms MarkObjects: 2.303800 ms  DeleteObjects: 0.936400 ms)

AssetImportParameters requested are different than current active one (requested -> active):
  custom:video-decoder-ogg-theora: a1e56fd34408186e4bbccfd4996cb3dc -> 
  custom:container-muxer-webm: aa71ff27fc2769a1b78a27578f13a17b -> 
  custom:container-demuxer-webm: 4f35f7cbe854078d1ac9338744f61a02 -> 
  custom:video-encoder-webm-vp8: eb34c28f22e8b96e1ab97ce403110664 -> 
  custom:audio-encoder-webm-vorbis: bf7c407c2cedff20999df2af8eb42d56 -> 
  custom:framework-win-MediaFoundation: 216162199b28c13a410421893ffa2e32 -> 
  custom:SearchIndexIgnoredProperties: e643bd26f0fe6173181afceb89e7c659 -> 
  custom:container-demuxer-ogg: 62fdf1f143b41e24485cea50d1cbac27 -> 
  custom:video-decoder-webm-vp8: 9c59270c3fd7afecdb556c50c9e8de78 -> 
  custom:audio-decoder-ogg-vorbis: bf7c407c2cedff20999df2af8eb42d56 -> 
========================================================================
Received Import Request.
  Time since last request: 223476.838871 seconds.
  path: Assets/GUIPack-Clean&Minimalist/Sources/Game Controller/Game Controller/XBoxOne/Dark_PSD/A-Button-Dark.psd
  artifactKey: Guid(c5ef2389689494b25a24e9c194fef71d) Importer(815301076,1909f56bfc062723c751e8b465ee728b)
Start importing Assets/GUIPack-Clean&Minimalist/Sources/Game Controller/Game Controller/XBoxOne/Dark_PSD/A-Button-Dark.psd using Guid(c5ef2389689494b25a24e9c194fef71d) Importer(815301076,1909f56bfc062723c751e8b465ee728b)  -> (artifact id: 'ee4104c96bcbc90a38ec22ab6eea6b93') in 0.149717 seconds 
========================================================================
Received Import Request.
  Time since last request: 0.000023 seconds.
  path: Assets/GUIPack-Clean&Minimalist/Sources/Icons/Icons/PSD/Alarm Off.psd
  artifactKey: Guid(1c9cec92063ba4410b9fc3ed17bde140) Importer(815301076,1909f56bfc062723c751e8b465ee728b)
Start importing Assets/GUIPack-Clean&Minimalist/Sources/Icons/Icons/PSD/Alarm Off.psd using Guid(1c9cec92063ba4410b9fc3ed17bde140) Importer(815301076,1909f56bfc062723c751e8b465ee728b)  -> (artifact id: '11a362d5be235164e5c17fa38488a083') in 0.050441 seconds 
========================================================================
Received Import Request.
  Time since last request: 0.000033 seconds.
  path: Assets/GUIPack-Clean&Minimalist/Sources/Game Controller/Game Controller/Steam/Dark_PNG/A-Button-Green-Dark.png
  artifactKey: Guid(de6f422d59f584aeca1d13da5684e3c1) Importer(815301076,1909f56bfc062723c751e8b465ee728b)
Start importing Assets/GUIPack-Clean&Minimalist/Sources/Game Controller/Game Controller/Steam/Dark_PNG/A-Button-Green-Dark.png using Guid(de6f422d59f584aeca1d13da5684e3c1) Importer(815301076,1909f56bfc062723c751e8b465ee728b)  -> (artifact id: '42515cca117a755220d8d5a0a5660032') in 0.035260 seconds 
========================================================================
Received Import Request.
  Time since last request: 0.000044 seconds.
  path: Assets/GUIPack-Clean&Minimalist/Sources/Icons/Emojis/Filled/PNG/Angry.png
  artifactKey: Guid(5d58e33f8c3024a4c968544728ccab60) Importer(815301076,1909f56bfc062723c751e8b465ee728b)
Start importing Assets/GUIPack-Clean&Minimalist/Sources/Icons/Emojis/Filled/PNG/Angry.png using Guid(5d58e33f8c3024a4c968544728ccab60) Importer(815301076,1909f56bfc062723c751e8b465ee728b)  -> (artifact id: 'aeb1506bfa1a34aeb7bff66a5003f7da') in 0.027645 seconds 
========================================================================
Received Import Request.
  Time since last request: 0.000027 seconds.
  path: Assets/GUIPack-Clean&Minimalist/Sources/Icons/Icons/PSD/Aim.psd
  artifactKey: Guid(4f2dd82bcdbb24a5f9c3bdf06eef72e4) Importer(815301076,1909f56bfc062723c751e8b465ee728b)
Start importing Assets/GUIPack-Clean&Minimalist/Sources/Icons/Icons/PSD/Aim.psd using Guid(4f2dd82bcdbb24a5f9c3bdf06eef72e4) Importer(815301076,1909f56bfc062723c751e8b465ee728b)  -> (artifact id: '04ebb3c781a03ceb1f67151e0bb26e39') in 0.025146 seconds 
========================================================================
Received Import Request.
  Time since last request: 0.000023 seconds.
  path: Assets/GUIPack-Clean&Minimalist/Sources/Game Controller/Game Controller/Steam/Dark_PSD/A-Button-Green.psd
  artifactKey: Guid(2e5a18ad6692747e6bda320e4177af1d) Importer(815301076,1909f56bfc062723c751e8b465ee728b)
Start importing Assets/GUIPack-Clean&Minimalist/Sources/Game Controller/Game Controller/Steam/Dark_PSD/A-Button-Green.psd using Guid(2e5a18ad6692747e6bda320e4177af1d) Importer(815301076,1909f56bfc062723c751e8b465ee728b)  -> (artifact id: '9d2c70cd0a85bb914f56921fbcb74322') in 0.018949 seconds 
========================================================================
Received Import Request.
  Time since last request: 0.000027 seconds.
  path: Assets/GUIPack-Clean&Minimalist/Sources/Icons/Emojis/Outline/PNG/Angry - Outline.png
  artifactKey: Guid(fb2be7c08538e4162a6cd4e16214677b) Importer(815301076,1909f56bfc062723c751e8b465ee728b)
Start importing Assets/GUIPack-Clean&Minimalist/Sources/Icons/Emojis/Outline/PNG/Angry - Outline.png using Guid(fb2be7c08538e4162a6cd4e16214677b) Importer(815301076,1909f56bfc062723c751e8b465ee728b)  -> (artifact id: '225f4518ad889cd18e659c33549b99b6') in 0.021865 seconds 
========================================================================
Received Import Request.
  Time since last request: 0.000044 seconds.
  path: Assets/GUIPack-Clean&Minimalist/Sources/Icons/Emojis/Outline/PSD/Angry - Outline.psd
  artifactKey: Guid(61f6203ea5458447a937e3a12c1e45c2) Importer(815301076,1909f56bfc062723c751e8b465ee728b)
Start importing Assets/GUIPack-Clean&Minimalist/Sources/Icons/Emojis/Outline/PSD/Angry - Outline.psd using Guid(61f6203ea5458447a937e3a12c1e45c2) Importer(815301076,1909f56bfc062723c751e8b465ee728b)  -> (artifact id: 'c7b06450c70006982417689ff2d70e7c') in 0.028875 seconds 
========================================================================
Received Import Request.
  Time since last request: 0.000030 seconds.
  path: Assets/GUIPack-Clean&Minimalist/Sources/Icons/Icons/PSD/Ability.psd
  artifactKey: Guid(76b79a37fa38d42868fa68c17ab29b0a) Importer(815301076,1909f56bfc062723c751e8b465ee728b)
Start importing Assets/GUIPack-Clean&Minimalist/Sources/Icons/Icons/PSD/Ability.psd using Guid(76b79a37fa38d42868fa68c17ab29b0a) Importer(815301076,1909f56bfc062723c751e8b465ee728b)  -> (artifact id: 'a80969f9a14efec99323edc7819cc84b') in 0.028474 seconds 
========================================================================
Received Import Request.
  Time since last request: 0.000046 seconds.
  path: Assets/GUIPack-Clean&Minimalist/Demo/Sprites/Icons/Icons/Game/Tools/Aim - Boder (Thin).png
  artifactKey: Guid(0eac0e5007a404666b8b6852bf2cf7fe) Importer(815301076,1909f56bfc062723c751e8b465ee728b)
Start importing Assets/GUIPack-Clean&Minimalist/Demo/Sprites/Icons/Icons/Game/Tools/Aim - Boder (Thin).png using Guid(0eac0e5007a404666b8b6852bf2cf7fe) Importer(815301076,1909f56bfc062723c751e8b465ee728b)  -> (artifact id: '5b5a9693ab2f83d4fd7f8215e1506c5d') in 0.015255 seconds 
========================================================================
Received Import Request.
  Time since last request: 0.000061 seconds.
  path: Assets/GUIPack-Clean&Minimalist/Sources/Game Controller/Game Controller/XBoxOne/White_PSD/A-Button-Green.psd
  artifactKey: Guid(83cf95a75598948bcae5f932ef75e846) Importer(815301076,1909f56bfc062723c751e8b465ee728b)
Start importing Assets/GUIPack-Clean&Minimalist/Sources/Game Controller/Game Controller/XBoxOne/White_PSD/A-Button-Green.psd using Guid(83cf95a75598948bcae5f932ef75e846) Importer(815301076,1909f56bfc062723c751e8b465ee728b)  -> (artifact id: 'f09fd81b1a4387ad8717a041a5ce7e97') in 0.018051 seconds 
========================================================================
Received Import Request.
  Time since last request: 0.000024 seconds.
  path: Assets/GUIPack-Clean&Minimalist/Demo/Sprites/Icons/Emojis/Outline/Angry.png
  artifactKey: Guid(0c211ab54f2c74818a1c081849480986) Importer(815301076,1909f56bfc062723c751e8b465ee728b)
Start importing Assets/GUIPack-Clean&Minimalist/Demo/Sprites/Icons/Emojis/Outline/Angry.png using Guid(0c211ab54f2c74818a1c081849480986) Importer(815301076,1909f56bfc062723c751e8b465ee728b)  -> (artifact id: 'bb94211401efd38ba0d52f8c84f3f450') in 0.015485 seconds 
========================================================================
Received Import Request.
  Time since last request: 0.000026 seconds.
  path: Assets/GUIPack-Clean&Minimalist/Sources/Icons/Icons/PSD/Analytics - Circles.psd
  artifactKey: Guid(c65f617b0962e4f49a61423e98651b91) Importer(815301076,1909f56bfc062723c751e8b465ee728b)
Start importing Assets/GUIPack-Clean&Minimalist/Sources/Icons/Icons/PSD/Analytics - Circles.psd using Guid(c65f617b0962e4f49a61423e98651b91) Importer(815301076,1909f56bfc062723c751e8b465ee728b)  -> (artifact id: '8c675b391aae1c66801bf983364fd73f') in 0.022534 seconds 
========================================================================
Received Import Request.
  Time since last request: 0.000031 seconds.
  path: Assets/GUIPack-Clean&Minimalist/Sources/Icons/Icons/PNG/Alert.png
  artifactKey: Guid(203ed99c5a855469ca0d90764b39c0eb) Importer(815301076,1909f56bfc062723c751e8b465ee728b)
Start importing Assets/GUIPack-Clean&Minimalist/Sources/Icons/Icons/PNG/Alert.png using Guid(203ed99c5a855469ca0d90764b39c0eb) Importer(815301076,1909f56bfc062723c751e8b465ee728b)  -> (artifact id: 'abf89e61e84bc946dffbb78c6a80b7fa') in 0.020531 seconds 
========================================================================
Received Import Request.
  Time since last request: 0.000040 seconds.
  path: Assets/GUIPack-Clean&Minimalist/Sources/Game Controller/Game Controller/XBoxOne/Dark_PNG/AddressBar-Button-Dark.png
  artifactKey: Guid(90150252d069042ebb8d5b66532b2ea8) Importer(815301076,1909f56bfc062723c751e8b465ee728b)
Start importing Assets/GUIPack-Clean&Minimalist/Sources/Game Controller/Game Controller/XBoxOne/Dark_PNG/AddressBar-Button-Dark.png using Guid(90150252d069042ebb8d5b66532b2ea8) Importer(815301076,1909f56bfc062723c751e8b465ee728b)  -> (artifact id: '5cc89e6d2c4c2bd642c034c184c5ee50') in 0.017504 seconds 
========================================================================
Received Import Request.
  Time since last request: 0.000030 seconds.
  path: Assets/GUIPack-Clean&Minimalist/Sources/Game Controller/Game Controller/XBoxOne/White_PNG/A-Button-Green.png
  artifactKey: Guid(16360759e2578420b825206ef0938f92) Importer(815301076,1909f56bfc062723c751e8b465ee728b)
Start importing Assets/GUIPack-Clean&Minimalist/Sources/Game Controller/Game Controller/XBoxOne/White_PNG/A-Button-Green.png using Guid(16360759e2578420b825206ef0938f92) Importer(815301076,1909f56bfc062723c751e8b465ee728b)  -> (artifact id: 'b19b4c08e75cb5f0c1941b8388872e63') in 0.017413 seconds 
========================================================================
Received Import Request.
  Time since last request: 0.000029 seconds.
  path: Assets/GUIPack-Clean&Minimalist/Sources/Icons/Icons/PSD/Analytics.psd
  artifactKey: Guid(dd0999162424d4383a341944ec6fe785) Importer(815301076,1909f56bfc062723c751e8b465ee728b)
Start importing Assets/GUIPack-Clean&Minimalist/Sources/Icons/Icons/PSD/Analytics.psd using Guid(dd0999162424d4383a341944ec6fe785) Importer(815301076,1909f56bfc062723c751e8b465ee728b)  -> (artifact id: 'f41efaf0ccbe0acd05b607e8a1164db2') in 0.020003 seconds 
========================================================================
Received Import Request.
  Time since last request: 0.000022 seconds.
  path: Assets/GUIPack-Clean&Minimalist/Sources/Icons/Icons/PNG/Aim.png
  artifactKey: Guid(a1d1e466cd42447d1b87e31f150c4a4b) Importer(815301076,1909f56bfc062723c751e8b465ee728b)
Start importing Assets/GUIPack-Clean&Minimalist/Sources/Icons/Icons/PNG/Aim.png using Guid(a1d1e466cd42447d1b87e31f150c4a4b) Importer(815301076,1909f56bfc062723c751e8b465ee728b)  -> (artifact id: 'dae078940fec6fb449cb30d95048f18c') in 0.019962 seconds 
========================================================================
Received Import Request.
  Time since last request: 0.000028 seconds.
  path: Assets/GUIPack-Clean&Minimalist/Demo/Sprites/Icons/Icons/UI/Sound/Alarm.png
  artifactKey: Guid(3f858ce167bbe4dae9799c621bbe6c81) Importer(815301076,1909f56bfc062723c751e8b465ee728b)
Start importing Assets/GUIPack-Clean&Minimalist/Demo/Sprites/Icons/Icons/UI/Sound/Alarm.png using Guid(3f858ce167bbe4dae9799c621bbe6c81) Importer(815301076,1909f56bfc062723c751e8b465ee728b)  -> (artifact id: 'e80b857097e637ae8769a886e1ab7886') in 0.013896 seconds 
========================================================================
Received Import Request.
  Time since last request: 0.000047 seconds.
  path: Assets/GUIPack-Clean&Minimalist/Sources/Mockups/Themes/Dark/PNG/Alert Popup.png
  artifactKey: Guid(c6ebb3e0569f04d3584d4bae2609bf25) Importer(815301076,1909f56bfc062723c751e8b465ee728b)
Start importing Assets/GUIPack-Clean&Minimalist/Sources/Mockups/Themes/Dark/PNG/Alert Popup.png using Guid(c6ebb3e0569f04d3584d4bae2609bf25) Importer(815301076,1909f56bfc062723c751e8b465ee728b)  -> (artifact id: 'e7a85509cc1243e93e96ea35b7a4575b') in 0.025861 seconds 
========================================================================
Received Import Request.
  Time since last request: 0.000048 seconds.
  path: Assets/GUIPack-Clean&Minimalist/Sources/Game Controller/Game Controller/Steam/White_PSD/A-Button-Green-White.psd
  artifactKey: Guid(179774750690e42848362932356e6d51) Importer(815301076,1909f56bfc062723c751e8b465ee728b)
Start importing Assets/GUIPack-Clean&Minimalist/Sources/Game Controller/Game Controller/Steam/White_PSD/A-Button-Green-White.psd using Guid(179774750690e42848362932356e6d51) Importer(815301076,1909f56bfc062723c751e8b465ee728b)  -> (artifact id: 'a3824740098005cd4808a89c34d9dfaf') in 0.017858 seconds 
========================================================================
Received Import Request.
  Time since last request: 0.000029 seconds.
  path: Assets/GUIPack-Clean&Minimalist/Sources/Game Controller/Game Controller/PS4/Dark_PNG/A-Button-Dark.png
  artifactKey: Guid(3d2fbb72bf39a4bd8bc3193f425af47c) Importer(815301076,1909f56bfc062723c751e8b465ee728b)
Start importing Assets/GUIPack-Clean&Minimalist/Sources/Game Controller/Game Controller/PS4/Dark_PNG/A-Button-Dark.png using Guid(3d2fbb72bf39a4bd8bc3193f425af47c) Importer(815301076,1909f56bfc062723c751e8b465ee728b)  -> (artifact id: 'c7f4171a2875bd6f2fecd87a1d79a3c6') in 0.016737 seconds 
========================================================================
Received Import Request.
  Time since last request: 0.000030 seconds.
  path: Assets/GUIPack-Clean&Minimalist/Demo/Sprites/Icons/Icons/Game/Tools/Aim.png
  artifactKey: Guid(9be4b981cff45442ea70499d83f511c7) Importer(815301076,1909f56bfc062723c751e8b465ee728b)
Start importing Assets/GUIPack-Clean&Minimalist/Demo/Sprites/Icons/Icons/Game/Tools/Aim.png using Guid(9be4b981cff45442ea70499d83f511c7) Importer(815301076,1909f56bfc062723c751e8b465ee728b)  -> (artifact id: '8dab48d190cc692a001557d467b7212b') in 0.014453 seconds 
========================================================================
Received Import Request.
  Time since last request: 0.000039 seconds.
  path: Assets/GUIPack-Clean&Minimalist/Sources/Icons/Icons/PSD/Alert.psd
  artifactKey: Guid(10d6c890936404b96b55d87b4a4aaffc) Importer(815301076,1909f56bfc062723c751e8b465ee728b)
Start importing Assets/GUIPack-Clean&Minimalist/Sources/Icons/Icons/PSD/Alert.psd using Guid(10d6c890936404b96b55d87b4a4aaffc) Importer(815301076,1909f56bfc062723c751e8b465ee728b)  -> (artifact id: 'a4a41178a76894977ef180d89e9d265e') in 0.019368 seconds 
========================================================================
Received Import Request.
  Time since last request: 0.000035 seconds.
  path: Assets/GUIPack-Clean&Minimalist/Sources/Game Controller/Game Controller/Steam/White_PSD/A-Button-White.psd
  artifactKey: Guid(0b9f5a48cdcad4c1183321a1c43a1e56) Importer(815301076,1909f56bfc062723c751e8b465ee728b)
Start importing Assets/GUIPack-Clean&Minimalist/Sources/Game Controller/Game Controller/Steam/White_PSD/A-Button-White.psd using Guid(0b9f5a48cdcad4c1183321a1c43a1e56) Importer(815301076,1909f56bfc062723c751e8b465ee728b)  -> (artifact id: '22ca9a2f6777e166af14101620134267') in 0.015763 seconds 
========================================================================
Received Import Request.
  Time since last request: 0.000022 seconds.
  path: Assets/GUIPack-Clean&Minimalist/Sources/Game Controller/Game Controller/Steam/White_PNG/A-Button-White.png
  artifactKey: Guid(3f0b9325434214847a40fa50b6c55d71) Importer(815301076,1909f56bfc062723c751e8b465ee728b)
Start importing Assets/GUIPack-Clean&Minimalist/Sources/Game Controller/Game Controller/Steam/White_PNG/A-Button-White.png using Guid(3f0b9325434214847a40fa50b6c55d71) Importer(815301076,1909f56bfc062723c751e8b465ee728b)  -> (artifact id: '28cab76c66aae16a8fd9601decbab686') in 0.015947 seconds 
========================================================================
Received Import Request.
  Time since last request: 0.000036 seconds.
  path: Assets/GUIPack-Clean&Minimalist/Demo/Sprites/Icons/Icons/UI/Sound/Alarm Off.png
  artifactKey: Guid(c66ae716a2f934ca288c1cb2cfd8ea0a) Importer(815301076,1909f56bfc062723c751e8b465ee728b)
Start importing Assets/GUIPack-Clean&Minimalist/Demo/Sprites/Icons/Icons/UI/Sound/Alarm Off.png using Guid(c66ae716a2f934ca288c1cb2cfd8ea0a) Importer(815301076,1909f56bfc062723c751e8b465ee728b)  -> (artifact id: '7204c4d5abeac91c7a5e152ba98deb38') in 0.012938 seconds 
========================================================================
Received Import Request.
  Time since last request: 0.000039 seconds.
  path: Assets/GUIPack-Clean&Minimalist/Sources/Game Controller/Game Controller/XBoxOne/White_PSD/AddressBar-Button-White.psd
  artifactKey: Guid(d4e8dd61a00fc438fb03591f12d2a1b4) Importer(815301076,1909f56bfc062723c751e8b465ee728b)
Start importing Assets/GUIPack-Clean&Minimalist/Sources/Game Controller/Game Controller/XBoxOne/White_PSD/AddressBar-Button-White.psd using Guid(d4e8dd61a00fc438fb03591f12d2a1b4) Importer(815301076,1909f56bfc062723c751e8b465ee728b)  -> (artifact id: 'f054ba1552bb45d692921410524ab498') in 0.013524 seconds 
========================================================================
Received Import Request.
  Time since last request: 0.000023 seconds.
  path: Assets/GUIPack-Clean&Minimalist/Demo/Sprites/Icons/Icons/Game/Other/Analytics.png
  artifactKey: Guid(98b252dbb946f4d53a66767aca77cad4) Importer(815301076,1909f56bfc062723c751e8b465ee728b)
Start importing Assets/GUIPack-Clean&Minimalist/Demo/Sprites/Icons/Icons/Game/Other/Analytics.png using Guid(98b252dbb946f4d53a66767aca77cad4) Importer(815301076,1909f56bfc062723c751e8b465ee728b)  -> (artifact id: '32e9d3b506328d9cfc133e9ceac2b8c8') in 0.013340 seconds 
Editor requested this worker to shutdown with reason: Scaling down because of idle timeout
AssetImportWorker is now disconnected from the server
Process exiting
Exiting without the bug reporter. Application will terminate with return code 0