Using pre-set license
Built from '2022.1/release' branch; Version is '2022.1.0f1 (369b620af41c) revision 3578722'; Using compiler version '192829333'; Build Type 'Release'
OS: 'Windows 11  (10.0.22621) 64bit Professional' Language: 'en' Physical Memory: 32622 MB
BatchMode: 1, IsHumanControllingUs: 0, StartBugReporterOnCrash: 0, Is64bit: 1, IsPro: 1

COMMAND LINE ARGUMENTS:
G:\Unity\2022.1.0f1\Editor\Unity.exe
-adb2
-batchMode
-noUpm
-name
AssetImportWorker12
-projectPath
G:/Game Projects/Experiments/Lemonade Tycoon Roguelike
-logFile
Logs/AssetImportWorker12.log
-srvPort
51332
Successfully changed project path to: G:/Game Projects/Experiments/Lemonade Tycoon Roguelike
G:/Game Projects/Experiments/Lemonade Tycoon Roguelike
[UnityMemory] Configuration Parameters - Can be set up in boot.config
    "memorysetup-bucket-allocator-granularity=16"
    "memorysetup-bucket-allocator-bucket-count=8"
    "memorysetup-bucket-allocator-block-size=33554432"
    "memorysetup-bucket-allocator-block-count=8"
    "memorysetup-main-allocator-block-size=16777216"
    "memorysetup-thread-allocator-block-size=16777216"
    "memorysetup-gfx-main-allocator-block-size=16777216"
    "memorysetup-gfx-thread-allocator-block-size=16777216"
    "memorysetup-cache-allocator-block-size=4194304"
    "memorysetup-typetree-allocator-block-size=2097152"
    "memorysetup-profiler-bucket-allocator-granularity=16"
    "memorysetup-profiler-bucket-allocator-bucket-count=8"
    "memorysetup-profiler-bucket-allocator-block-size=33554432"
    "memorysetup-profiler-bucket-allocator-block-count=8"
    "memorysetup-profiler-allocator-block-size=16777216"
    "memorysetup-profiler-editor-allocator-block-size=1048576"
    "memorysetup-temp-allocator-size-main=16777216"
    "memorysetup-job-temp-allocator-block-size=2097152"
    "memorysetup-job-temp-allocator-block-size-background=1048576"
    "memorysetup-job-temp-allocator-reduction-small-platforms=262144"
    "memorysetup-temp-allocator-size-background-worker=32768"
    "memorysetup-temp-allocator-size-job-worker=262144"
    "memorysetup-temp-allocator-size-preload-manager=33554432"
    "memorysetup-temp-allocator-size-nav-mesh-worker=65536"
    "memorysetup-temp-allocator-size-audio-worker=65536"
    "memorysetup-temp-allocator-size-cloud-worker=32768"
    "memorysetup-temp-allocator-size-gi-baking-worker=262144"
    "memorysetup-temp-allocator-size-gfx=262144"
Refreshing native plugins compatible for Editor in 161.58 ms, found 4 plugins.
Preloading 0 native plugins for Editor in 0.00 ms.
Initialize engine version: 2022.1.0f1 (369b620af41c)
[Subsystems] Discovering subsystems at path G:/Unity/2022.1.0f1/Editor/Data/Resources/UnitySubsystems
[Subsystems] Discovering subsystems at path G:/Game Projects/Experiments/Lemonade Tycoon Roguelike/Assets
GfxDevice: creating device client; threaded=0; jobified=0
Direct3D:
    Version:  Direct3D 11.0 [level 11.1]
    Renderer: NVIDIA GeForce RTX 3080 Ti (ID=0x2208)
    Vendor:   NVIDIA
    VRAM:     12100 MB
    Driver:   31.0.15.3168
Initialize mono
Mono path[0] = 'G:/Unity/2022.1.0f1/Editor/Data/Managed'
Mono path[1] = 'G:/Unity/2022.1.0f1/Editor/Data/MonoBleedingEdge/lib/mono/unityjit-win32'
Mono config path = 'G:/Unity/2022.1.0f1/Editor/Data/MonoBleedingEdge/etc'
Using monoOptions --debugger-agent=transport=dt_socket,embedding=1,server=y,suspend=n,address=127.0.0.1:56272
Begin MonoManager ReloadAssembly
Registering precompiled unity dll's ...
Register platform support module: G:/Unity/2022.1.0f1/Editor/Data/PlaybackEngines/WebGLSupport/UnityEditor.WebGL.Extensions.dll
Register platform support module: G:/Unity/2022.1.0f1/Editor/Data/PlaybackEngines/AndroidPlayer/UnityEditor.Android.Extensions.dll
Register platform support module: G:/Unity/2022.1.0f1/Editor/Data/PlaybackEngines/WindowsStandaloneSupport/UnityEditor.WindowsStandalone.Extensions.dll
Registered in 0.001385 seconds.
Native extension for WindowsStandalone target not found
Native extension for Android target not found
Native extension for WebGL target not found
Refreshing native plugins compatible for Editor in 162.41 ms, found 4 plugins.
Preloading 0 native plugins for Editor in 0.00 ms.
Mono: successfully reloaded assembly
- Completed reload, in  0.598 seconds
Domain Reload Profiling:
	ReloadAssembly (599ms)
		BeginReloadAssembly (45ms)
			ExecutionOrderSort (0ms)
			DisableScriptedObjects (0ms)
			BackupInstance (0ms)
			ReleaseScriptingObjects (0ms)
			CreateAndSetChildDomain (1ms)
		EndReloadAssembly (482ms)
			LoadAssemblies (45ms)
			RebuildTransferFunctionScriptingTraits (0ms)
			SetupTypeCache (81ms)
				TypeCache.Initialize (81ms)
					TypeCache.ScanAssembly (80ms)
				ResolveRequiredComponents (0ms)
			ReleaseScriptCaches (0ms)
			RebuildScriptCaches (19ms)
			SetupLoadedEditorAssemblies (346ms)
				LogAssemblyErrors (0ms)
				InitializePlatformSupportModulesInManaged (37ms)
				SetLoadedEditorAssemblies (6ms)
				RefreshPlugins (162ms)
				BeforeProcessingInitializeOnLoad (1ms)
				ProcessInitializeOnLoadAttributes (96ms)
				ProcessInitializeOnLoadMethodAttributes (42ms)
				AfterProcessingInitializeOnLoad (0ms)
				EditorAssembliesLoaded (0ms)
			ExecutionOrderSort2 (0ms)
			AwakeInstancesAfterBackupRestoration (0ms)
Platform modules already initialized, skipping
Registering precompiled user dll's ...
Registered in 0.004303 seconds.
Begin MonoManager ReloadAssembly
Symbol file LoadedFromMemory doesn't match image G:\Game Projects\Experiments\Lemonade Tycoon Roguelike\Library\PackageCache\com.unity.visualscripting@1.7.8\Editor\VisualScripting.Core\Dependencies\YamlDotNet\Unity.VisualScripting.YamlDotNet.dll
Symbol file LoadedFromMemory doesn't match image G:\Game Projects\Experiments\Lemonade Tycoon Roguelike\Library\PackageCache\com.unity.visualscripting@1.7.8\Editor\VisualScripting.Core\Dependencies\DotNetZip\Unity.VisualScripting.IonicZip.dll
Native extension for WindowsStandalone target not found
Native extension for Android target not found
Native extension for WebGL target not found
Refreshing native plugins compatible for Editor in 159.76 ms, found 4 plugins.
Preloading 0 native plugins for Editor in 0.00 ms.
Mono: successfully reloaded assembly
- Completed reload, in  1.349 seconds
Domain Reload Profiling:
	ReloadAssembly (1350ms)
		BeginReloadAssembly (198ms)
			ExecutionOrderSort (0ms)
			DisableScriptedObjects (4ms)
			BackupInstance (0ms)
			ReleaseScriptingObjects (0ms)
			CreateAndSetChildDomain (123ms)
		EndReloadAssembly (1046ms)
			LoadAssemblies (85ms)
			RebuildTransferFunctionScriptingTraits (0ms)
			SetupTypeCache (260ms)
				TypeCache.Initialize (250ms)
					TypeCache.ScanAssembly (246ms)
				ResolveRequiredComponents (9ms)
			ReleaseScriptCaches (1ms)
			RebuildScriptCaches (62ms)
			SetupLoadedEditorAssemblies (599ms)
				LogAssemblyErrors (0ms)
				InitializePlatformSupportModulesInManaged (9ms)
				SetLoadedEditorAssemblies (7ms)
				RefreshPlugins (160ms)
				BeforeProcessingInitializeOnLoad (88ms)
				ProcessInitializeOnLoadAttributes (231ms)
				ProcessInitializeOnLoadMethodAttributes (103ms)
				AfterProcessingInitializeOnLoad (2ms)
				EditorAssembliesLoaded (0ms)
			ExecutionOrderSort2 (0ms)
			AwakeInstancesAfterBackupRestoration (6ms)
Platform modules already initialized, skipping
========================================================================
Worker process is ready to serve import requests
Launched and connected shader compiler UnityShaderCompiler.exe after 0.03 seconds
Refreshing native plugins compatible for Editor in 1.30 ms, found 4 plugins.
Preloading 0 native plugins for Editor in 0.00 ms.
Unloading 6040 Unused Serialized files (Serialized files now loaded: 0)
Unloading 50 unused Assets / (0.7 MB). Loaded Objects now: 6518.
Memory consumption went from 0.96 GB to 0.96 GB.
Total: 3.467300 ms (FindLiveObjects: 0.419800 ms CreateObjectMapping: 0.241800 ms MarkObjects: 2.435600 ms  DeleteObjects: 0.369200 ms)

AssetImportParameters requested are different than current active one (requested -> active):
  custom:video-decoder-ogg-theora: a1e56fd34408186e4bbccfd4996cb3dc -> 
  custom:container-muxer-webm: aa71ff27fc2769a1b78a27578f13a17b -> 
  custom:container-demuxer-webm: 4f35f7cbe854078d1ac9338744f61a02 -> 
  custom:video-encoder-webm-vp8: eb34c28f22e8b96e1ab97ce403110664 -> 
  custom:audio-encoder-webm-vorbis: bf7c407c2cedff20999df2af8eb42d56 -> 
  custom:framework-win-MediaFoundation: 216162199b28c13a410421893ffa2e32 -> 
  custom:SearchIndexIgnoredProperties: e643bd26f0fe6173181afceb89e7c659 -> 
  custom:container-demuxer-ogg: 62fdf1f143b41e24485cea50d1cbac27 -> 
  custom:video-decoder-webm-vp8: 9c59270c3fd7afecdb556c50c9e8de78 -> 
  custom:audio-decoder-ogg-vorbis: bf7c407c2cedff20999df2af8eb42d56 -> 
========================================================================
Received Import Request.
  Time since last request: 186104.633725 seconds.
  path: Assets/Polygon - House Appliances/Prefabs/toasteroawl_01_B.prefab
  artifactKey: Guid(1b30a099241964d47a4414237d629ca8) Importer(815301076,1909f56bfc062723c751e8b465ee728b)
Start importing Assets/Polygon - House Appliances/Prefabs/toasteroawl_01_B.prefab using Guid(1b30a099241964d47a4414237d629ca8) Importer(815301076,1909f56bfc062723c751e8b465ee728b)  -> (artifact id: '02864bcede511436af27640845852986') in 0.260653 seconds 
========================================================================
Received Import Request.
  Time since last request: 0.000033 seconds.
  path: Assets/Polygon - House Appliances/Prefabs/waterheater_01_E.prefab
  artifactKey: Guid(42d38ae4f10ae17419ec3414d8453da4) Importer(815301076,1909f56bfc062723c751e8b465ee728b)
Start importing Assets/Polygon - House Appliances/Prefabs/waterheater_01_E.prefab using Guid(42d38ae4f10ae17419ec3414d8453da4) Importer(815301076,1909f56bfc062723c751e8b465ee728b)  -> (artifact id: 'ef2f285cee0bc0aa90a6e4a860167e56') in 0.011643 seconds 
========================================================================
Received Import Request.
  Time since last request: 34.011385 seconds.
  path: Assets/GameDataInstance.asset
  artifactKey: Guid(efe7a432b9584944987d28440d669323) Importer(815301076,1909f56bfc062723c751e8b465ee728b)
Start importing Assets/GameDataInstance.asset using Guid(efe7a432b9584944987d28440d669323) Importer(815301076,1909f56bfc062723c751e8b465ee728b)  -> (artifact id: '566530cb5108f5385130ec3dac3a9104') in 0.004308 seconds 
========================================================================
Received Import Request.
  Time since last request: 24.683164 seconds.
  path: Assets/Polygon - House Appliances/Models/electricmixers_01_D.fbx
  artifactKey: Guid(13cb8016d7962404da1c401a91a31c75) Importer(815301076,1909f56bfc062723c751e8b465ee728b)
Start importing Assets/Polygon - House Appliances/Models/electricmixers_01_D.fbx using Guid(13cb8016d7962404da1c401a91a31c75) Importer(815301076,1909f56bfc062723c751e8b465ee728b)  -> (artifact id: 'd15f4f1d6bc0018a195e49c0a858c1ed') in 0.142372 seconds 
========================================================================
Received Import Request.
  Time since last request: 0.000050 seconds.
  path: Assets/Polygon - House Appliances/Models/dryingcabinetsmall_01_C.fbx
  artifactKey: Guid(b6875c594b03335458f524425ffa6808) Importer(815301076,1909f56bfc062723c751e8b465ee728b)
Start importing Assets/Polygon - House Appliances/Models/dryingcabinetsmall_01_C.fbx using Guid(b6875c594b03335458f524425ffa6808) Importer(815301076,1909f56bfc062723c751e8b465ee728b)  -> (artifact id: '7834ae94c1ff7105cde65ddd263cfbf6') in 0.037555 seconds 
========================================================================
Received Import Request.
  Time since last request: 0.000051 seconds.
  path: Assets/Polygon - House Appliances/Models/dryingcabinetsmall_01_F.fbx
  artifactKey: Guid(2165bb2da987e254c8482db1a092d5ec) Importer(815301076,1909f56bfc062723c751e8b465ee728b)
Start importing Assets/Polygon - House Appliances/Models/dryingcabinetsmall_01_F.fbx using Guid(2165bb2da987e254c8482db1a092d5ec) Importer(815301076,1909f56bfc062723c751e8b465ee728b)  -> (artifact id: 'd039b0e6ea3b46b6bd1d3a36c8d9f1f0') in 0.029385 seconds 
Editor requested this worker to shutdown with reason: Scaling down because of idle timeout
AssetImportWorker is now disconnected from the server
Process exiting
Exiting without the bug reporter. Application will terminate with return code 0